#
# There is insufficient memory for the Java Runtime Environment to continue.
# Native memory allocation (malloc) failed to allocate 1040704 bytes for Chunk::new
# Possible reasons:
#   The system is out of physical RAM or swap space
#   The process is running with CompressedOops enabled, and the Java Heap may be blocking the growth of the native heap
# Possible solutions:
#   Reduce memory load on the system
#   Increase physical memory or swap space
#   Check if swap backing store is full
#   Decrease Java heap size (-Xmx/-Xms)
#   Decrease number of Java threads
#   Decrease Java thread stack sizes (-Xss)
#   Set larger code cache with -XX:ReservedCodeCacheSize=
#   JVM is running with Unscaled Compressed Oops mode in which the Java heap is
#     placed in the first 4GB address space. The Java Heap base address is the
#     maximum limit for the native heap growth. Please use -XX:HeapBaseMinAddress
#     to set the Java Heap base and to place the Java Heap above 4GB virtual address.
# This output file may be truncated or incomplete.
#
#  Out of Memory Error (arena.cpp:184), pid=23580, tid=18612
#
# JRE version: Java(TM) SE Runtime Environment (20.0.2+9) (build 20.0.2+9-78)
# Java VM: Java HotSpot(TM) 64-Bit Server VM (20.0.2+9-78, mixed mode, sharing, tiered, compressed oops, compressed class ptrs, g1 gc, windows-amd64)
# No core dump will be written. Minidumps are not enabled by default on client versions of Windows
#

---------------  S U M M A R Y ------------

Command Line: -Dfile.encoding=UTF-8 --module-path=D:\OOP\FishGame\build\classes fishgame.Startpage

Host: AMD Ryzen 5 5500U with Radeon Graphics         , 12 cores, 5G,  Windows 11 , 64 bit Build 22621 (10.0.22621.2428)
Time: Wed Nov  8 15:42:28 2023  Windows 11 , 64 bit Build 22621 (10.0.22621.2428) elapsed time: 1.173025 seconds (0d 0h 0m 1s)

---------------  T H R E A D  ---------------

Current thread (0x0000025ace684360):  JavaThread "C2 CompilerThread0" daemon [_thread_in_native, id=18612, stack(0x000000a174900000,0x000000a174a00000)]


Current CompileTask:
C2:   1173  767 % !   4       sun.awt.image.ImageRepresentation::getOpaqueRGBImage @ 54 (164 bytes)

Stack: [0x000000a174900000,0x000000a174a00000]
Native frames: (J=compiled Java code, j=interpreted, Vv=VM code, C=native code)
V  [jvm.dll+0x6bc25a]
V  [jvm.dll+0x84971a]
V  [jvm.dll+0x84b315]
V  [jvm.dll+0x84ba13]
V  [jvm.dll+0x280e4f]
V  [jvm.dll+0xc2ab1]
V  [jvm.dll+0xc2dd5]
V  [jvm.dll+0x3bb64c]
V  [jvm.dll+0x385b75]
V  [jvm.dll+0x384fea]
V  [jvm.dll+0x24b529]
V  [jvm.dll+0x24a921]
V  [jvm.dll+0x1ce761]
V  [jvm.dll+0x25a0eb]
V  [jvm.dll+0x2587c0]
V  [jvm.dll+0x3f2dd5]
V  [jvm.dll+0x7f5c76]
V  [jvm.dll+0x6baecb]
C  [ucrtbase.dll+0x29363]
C  [KERNEL32.DLL+0x1257d]
C  [ntdll.dll+0x5aa78]


---------------  P R O C E S S  ---------------

Threads class SMR info:
_java_thread_list=0x0000025b144d37a0, length=16, elements={
0x0000025ace66e620, 0x0000025ace671790, 0x0000025ace673080, 0x0000025ace673bc0,
0x0000025ace676510, 0x0000025ace679470, 0x0000025ace684360, 0x0000025ace688720,
0x0000025b13898260, 0x0000025b13944dd0, 0x0000025b139e8090, 0x0000025b13b68020,
0x0000025b13b68bd0, 0x0000025b13b6fb50, 0x0000025ab04492c0, 0x0000025b14c27800
}

Java Threads: ( => current thread )
  0x0000025ace66e620 JavaThread "Reference Handler" daemon [_thread_blocked, id=7560, stack(0x000000a174300000,0x000000a174400000)]
  0x0000025ace671790 JavaThread "Finalizer" daemon [_thread_blocked, id=28044, stack(0x000000a174400000,0x000000a174500000)]
  0x0000025ace673080 JavaThread "Signal Dispatcher" daemon [_thread_blocked, id=24056, stack(0x000000a174500000,0x000000a174600000)]
  0x0000025ace673bc0 JavaThread "Attach Listener" daemon [_thread_blocked, id=19564, stack(0x000000a174600000,0x000000a174700000)]
  0x0000025ace676510 JavaThread "Service Thread" daemon [_thread_blocked, id=4656, stack(0x000000a174700000,0x000000a174800000)]
  0x0000025ace679470 JavaThread "Monitor Deflation Thread" daemon [_thread_blocked, id=23460, stack(0x000000a174800000,0x000000a174900000)]
=>0x0000025ace684360 JavaThread "C2 CompilerThread0" daemon [_thread_in_native, id=18612, stack(0x000000a174900000,0x000000a174a00000)]
  0x0000025ace688720 JavaThread "C1 CompilerThread0" daemon [_thread_in_native, id=22728, stack(0x000000a174a00000,0x000000a174b00000)]
  0x0000025b13898260 JavaThread "Common-Cleaner" daemon [_thread_blocked, id=16272, stack(0x000000a174b00000,0x000000a174c00000)]
  0x0000025b13944dd0 JavaThread "Notification Thread" daemon [_thread_blocked, id=20812, stack(0x000000a174c00000,0x000000a174d00000)]
  0x0000025b139e8090 JavaThread "Java2D Disposer" daemon [_thread_blocked, id=20844, stack(0x000000a174e00000,0x000000a174f00000)]
  0x0000025b13b68020 JavaThread "AWT-Shutdown" [_thread_blocked, id=26352, stack(0x000000a174f00000,0x000000a175000000)]
  0x0000025b13b68bd0 JavaThread "AWT-Windows" daemon [_thread_in_vm, id=4132, stack(0x000000a175000000,0x000000a175100000)]
  0x0000025b13b6fb50 JavaThread "AWT-EventQueue-0" [_thread_in_native, id=29140, stack(0x000000a175100000,0x000000a175200000)]
  0x0000025ab04492c0 JavaThread "DestroyJavaVM" [_thread_blocked, id=28652, stack(0x000000a173c00000,0x000000a173d00000)]
  0x0000025b14c27800 JavaThread "Image Fetcher 0" daemon [_thread_blocked, id=22372, stack(0x000000a175d00000,0x000000a175e00000)]

Other Threads:
  0x0000025ace64d920 VMThread "VM Thread" [stack: 0x000000a174200000,0x000000a174300000] [id=6652]
  0x0000025b13988f80 WatcherThread "VM Periodic Task Thread" [stack: 0x000000a174d00000,0x000000a174e00000] [id=11868]
  0x0000025ab0498780 WorkerThread "GC Thread#0" [stack: 0x000000a173d00000,0x000000a173e00000] [id=8856]
  0x0000025b147c1c90 WorkerThread "GC Thread#1" [stack: 0x000000a175500000,0x000000a175600000] [id=27204]
  0x0000025b147c19c0 WorkerThread "GC Thread#2" [stack: 0x000000a175600000,0x000000a175700000] [id=22444]
  0x0000025b147c2230 WorkerThread "GC Thread#3" [stack: 0x000000a175700000,0x000000a175800000] [id=28092]
  0x0000025b147c0bb0 WorkerThread "GC Thread#4" [stack: 0x000000a175800000,0x000000a175900000] [id=29244]
  0x0000025b147c1f60 WorkerThread "GC Thread#5" [stack: 0x000000a175900000,0x000000a175a00000] [id=12852]
  0x0000025b147c1420 WorkerThread "GC Thread#6" [stack: 0x000000a175a00000,0x000000a175b00000] [id=20152]
  0x0000025b147c2500 WorkerThread "GC Thread#7" [stack: 0x000000a175b00000,0x000000a175c00000] [id=13372]
  0x0000025b147c16f0 WorkerThread "GC Thread#8" [stack: 0x000000a175c00000,0x000000a175d00000] [id=7628]
  0x0000025ab04a5250 ConcurrentGCThread "G1 Main Marker" [stack: 0x000000a173e00000,0x000000a173f00000] [id=24072]
  0x0000025ab04a5e20 WorkerThread "G1 Conc#0" [stack: 0x000000a173f00000,0x000000a174000000] [id=15104]
  0x0000025ab04fd7f0 ConcurrentGCThread "G1 Refine#0" [stack: 0x000000a174000000,0x000000a174100000] [id=22236]
  0x0000025ab04fe290 ConcurrentGCThread "G1 Service" [stack: 0x000000a174100000,0x000000a174200000] [id=19580]

Threads with active compile tasks:
C2 CompilerThread0     1245  767 % !   4       sun.awt.image.ImageRepresentation::getOpaqueRGBImage @ 54 (164 bytes)

VM state: not at safepoint (normal execution)

VM Mutex/Monitor currently owned by a thread: None

OutOfMemory and StackOverflow Exception counts:
OutOfMemoryError java_heap_errors=1
LinkageErrors=5

Heap address: 0x00000000a2200000, size: 1502 MB, Compressed Oops mode: 32-bit

CDS archive(s) mapped at: [0x0000025ace800000-0x0000025acf460000-0x0000025acf460000), size 12976128, SharedBaseAddress: 0x0000025ace800000, ArchiveRelocationMode: 1.
Compressed class space mapped at: 0x0000025acf800000-0x0000025b0f800000, reserved size: 1073741824
Narrow klass base: 0x0000025ace800000, Narrow klass shift: 0, Narrow klass range: 0x100000000

GC Precious Log:
 CardTable entry size: 512
 Card Set container configuration: InlinePtr #cards 5 size 8 Array Of Cards #cards 12 size 40 Howl #buckets 4 coarsen threshold 1843 Howl Bitmap #cards 512 size 80 coarsen threshold 460 Card regions per heap region 1 cards per card region 2048
 CPUs: 12 total, 12 available
 Memory: 6005M
 Large Page Support: Disabled
 NUMA Support: Disabled
 Compressed Oops: Enabled (32-bit)
 Heap Region Size: 1M
 Heap Min Capacity: 8M
 Heap Initial Capacity: 94M
 Heap Max Capacity: 1502M
 Pre-touch: Disabled
 Parallel Workers: 10
 Concurrent Workers: 3
 Concurrent Refinement Workers: 10
 Periodic GC: Disabled

Heap:
 garbage-first heap   total 96256K, used 52765K [0x00000000a2200000, 0x0000000100000000)
  region size 1024K, 10 young (10240K), 3 survivors (3072K)
 Metaspace       used 5170K, committed 5376K, reserved 1114112K
  class space    used 552K, committed 640K, reserved 1048576K

Heap Regions: E=young(eden), S=young(survivor), O=old, HS=humongous(starts), HC=humongous(continues), CS=collection set, F=free, OA=open archive, CA=closed archive, TAMS=top-at-mark-start, PB=parsable bottom
|   0|0x00000000a2200000, 0x00000000a2300000, 0x00000000a2300000|100%|HS|  |TAMS 0x00000000a2200000| PB 0x00000000a2200000| Complete 
|   1|0x00000000a2300000, 0x00000000a2400000, 0x00000000a2400000|100%|HC|  |TAMS 0x00000000a2300000| PB 0x00000000a2300000| Complete 
|   2|0x00000000a2400000, 0x00000000a2500000, 0x00000000a2500000|100%|HC|  |TAMS 0x00000000a2400000| PB 0x00000000a2400000| Complete 
|   3|0x00000000a2500000, 0x00000000a2600000, 0x00000000a2600000|100%|HC|  |TAMS 0x00000000a2500000| PB 0x00000000a2500000| Complete 
|   4|0x00000000a2600000, 0x00000000a2700000, 0x00000000a2700000|100%|HC|  |TAMS 0x00000000a2600000| PB 0x00000000a2600000| Complete 
|   5|0x00000000a2700000, 0x00000000a2800000, 0x00000000a2800000|100%|HC|  |TAMS 0x00000000a2700000| PB 0x00000000a2700000| Complete 
|   6|0x00000000a2800000, 0x00000000a2900000, 0x00000000a2900000|100%|HC|  |TAMS 0x00000000a2800000| PB 0x00000000a2800000| Complete 
|   7|0x00000000a2900000, 0x00000000a2a00000, 0x00000000a2a00000|100%|HC|  |TAMS 0x00000000a2900000| PB 0x00000000a2900000| Complete 
|   8|0x00000000a2a00000, 0x00000000a2b00000, 0x00000000a2b00000|100%|HS|  |TAMS 0x00000000a2a00000| PB 0x00000000a2a00000| Complete 
|   9|0x00000000a2b00000, 0x00000000a2c00000, 0x00000000a2c00000|100%|HS|  |TAMS 0x00000000a2b00000| PB 0x00000000a2b00000| Complete 
|  10|0x00000000a2c00000, 0x00000000a2d00000, 0x00000000a2d00000|100%|HC|  |TAMS 0x00000000a2c00000| PB 0x00000000a2c00000| Complete 
|  11|0x00000000a2d00000, 0x00000000a2e00000, 0x00000000a2e00000|100%|HS|  |TAMS 0x00000000a2d00000| PB 0x00000000a2d00000| Complete 
|  12|0x00000000a2e00000, 0x00000000a2f00000, 0x00000000a2f00000|100%|HC|  |TAMS 0x00000000a2e00000| PB 0x00000000a2e00000| Complete 
|  13|0x00000000a2f00000, 0x00000000a3000000, 0x00000000a3000000|100%|HC|  |TAMS 0x00000000a2f00000| PB 0x00000000a2f00000| Complete 
|  14|0x00000000a3000000, 0x00000000a3100000, 0x00000000a3100000|100%|HC|  |TAMS 0x00000000a3000000| PB 0x00000000a3000000| Complete 
|  15|0x00000000a3100000, 0x00000000a3200000, 0x00000000a3200000|100%|HC|  |TAMS 0x00000000a3100000| PB 0x00000000a3100000| Complete 
|  16|0x00000000a3200000, 0x00000000a3300000, 0x00000000a3300000|100%|HC|  |TAMS 0x00000000a3200000| PB 0x00000000a3200000| Complete 
|  17|0x00000000a3300000, 0x00000000a3400000, 0x00000000a3400000|100%|HC|  |TAMS 0x00000000a3300000| PB 0x00000000a3300000| Complete 
|  18|0x00000000a3400000, 0x00000000a3500000, 0x00000000a3500000|100%|HC|  |TAMS 0x00000000a3400000| PB 0x00000000a3400000| Complete 
|  19|0x00000000a3500000, 0x00000000a3600000, 0x00000000a3600000|100%|HC|  |TAMS 0x00000000a3500000| PB 0x00000000a3500000| Complete 
|  20|0x00000000a3600000, 0x00000000a3700000, 0x00000000a3700000|100%|HC|  |TAMS 0x00000000a3600000| PB 0x00000000a3600000| Complete 
|  21|0x00000000a3700000, 0x00000000a3800000, 0x00000000a3800000|100%|HC|  |TAMS 0x00000000a3700000| PB 0x00000000a3700000| Complete 
|  22|0x00000000a3800000, 0x00000000a3900000, 0x00000000a3900000|100%|HC|  |TAMS 0x00000000a3800000| PB 0x00000000a3800000| Complete 
|  23|0x00000000a3900000, 0x00000000a3a00000, 0x00000000a3a00000|100%|HC|  |TAMS 0x00000000a3900000| PB 0x00000000a3900000| Complete 
|  24|0x00000000a3a00000, 0x00000000a3b00000, 0x00000000a3b00000|100%|HC|  |TAMS 0x00000000a3a00000| PB 0x00000000a3a00000| Complete 
|  25|0x00000000a3b00000, 0x00000000a3c00000, 0x00000000a3c00000|100%|HC|  |TAMS 0x00000000a3b00000| PB 0x00000000a3b00000| Complete 
|  26|0x00000000a3c00000, 0x00000000a3d00000, 0x00000000a3d00000|100%|HC|  |TAMS 0x00000000a3c00000| PB 0x00000000a3c00000| Complete 
|  27|0x00000000a3d00000, 0x00000000a3e00000, 0x00000000a3e00000|100%|HC|  |TAMS 0x00000000a3d00000| PB 0x00000000a3d00000| Complete 
|  28|0x00000000a3e00000, 0x00000000a3f00000, 0x00000000a3f00000|100%|HC|  |TAMS 0x00000000a3e00000| PB 0x00000000a3e00000| Complete 
|  29|0x00000000a3f00000, 0x00000000a4000000, 0x00000000a4000000|100%|HC|  |TAMS 0x00000000a3f00000| PB 0x00000000a3f00000| Complete 
|  30|0x00000000a4000000, 0x00000000a4100000, 0x00000000a4100000|100%|HC|  |TAMS 0x00000000a4000000| PB 0x00000000a4000000| Complete 
|  31|0x00000000a4100000, 0x00000000a4200000, 0x00000000a4200000|100%|HC|  |TAMS 0x00000000a4100000| PB 0x00000000a4100000| Complete 
|  32|0x00000000a4200000, 0x00000000a4300000, 0x00000000a4300000|100%|HC|  |TAMS 0x00000000a4200000| PB 0x00000000a4200000| Complete 
|  33|0x00000000a4300000, 0x00000000a4400000, 0x00000000a4400000|100%|HC|  |TAMS 0x00000000a4300000| PB 0x00000000a4300000| Complete 
|  34|0x00000000a4400000, 0x00000000a4500000, 0x00000000a4500000|100%|HC|  |TAMS 0x00000000a4400000| PB 0x00000000a4400000| Complete 
|  35|0x00000000a4500000, 0x00000000a4600000, 0x00000000a4600000|100%|HC|  |TAMS 0x00000000a4500000| PB 0x00000000a4500000| Complete 
|  36|0x00000000a4600000, 0x00000000a4700000, 0x00000000a4700000|100%|HC|  |TAMS 0x00000000a4600000| PB 0x00000000a4600000| Complete 
|  37|0x00000000a4700000, 0x00000000a4800000, 0x00000000a4800000|100%|HC|  |TAMS 0x00000000a4700000| PB 0x00000000a4700000| Complete 
|  38|0x00000000a4800000, 0x00000000a4900000, 0x00000000a4900000|100%|HC|  |TAMS 0x00000000a4800000| PB 0x00000000a4800000| Complete 
|  39|0x00000000a4900000, 0x00000000a4a00000, 0x00000000a4a00000|100%|HC|  |TAMS 0x00000000a4900000| PB 0x00000000a4900000| Complete 
|  40|0x00000000a4a00000, 0x00000000a4b00000, 0x00000000a4b00000|100%|HC|  |TAMS 0x00000000a4a00000| PB 0x00000000a4a00000| Complete 
|  41|0x00000000a4b00000, 0x00000000a4c00000, 0x00000000a4c00000|100%|HC|  |TAMS 0x00000000a4b00000| PB 0x00000000a4b00000| Complete 
|  42|0x00000000a4c00000, 0x00000000a4d00000, 0x00000000a4d00000|100%|HC|  |TAMS 0x00000000a4c00000| PB 0x00000000a4c00000| Complete 
|  43|0x00000000a4d00000, 0x00000000a4d00000, 0x00000000a4e00000|  0%| F|  |TAMS 0x00000000a4d00000| PB 0x00000000a4d00000| Untracked 
|  44|0x00000000a4e00000, 0x00000000a4e00000, 0x00000000a4f00000|  0%| F|  |TAMS 0x00000000a4e00000| PB 0x00000000a4e00000| Untracked 
|  45|0x00000000a4f00000, 0x00000000a4f00000, 0x00000000a5000000|  0%| F|  |TAMS 0x00000000a4f00000| PB 0x00000000a4f00000| Untracked 
|  46|0x00000000a5000000, 0x00000000a5000000, 0x00000000a5100000|  0%| F|  |TAMS 0x00000000a5000000| PB 0x00000000a5000000| Untracked 
|  47|0x00000000a5100000, 0x00000000a5100000, 0x00000000a5200000|  0%| F|  |TAMS 0x00000000a5100000| PB 0x00000000a5100000| Untracked 
|  48|0x00000000a5200000, 0x00000000a5200000, 0x00000000a5300000|  0%| F|  |TAMS 0x00000000a5200000| PB 0x00000000a5200000| Untracked 
|  49|0x00000000a5300000, 0x00000000a5300000, 0x00000000a5400000|  0%| F|  |TAMS 0x00000000a5300000| PB 0x00000000a5300000| Untracked 
|  50|0x00000000a5400000, 0x00000000a5400000, 0x00000000a5500000|  0%| F|  |TAMS 0x00000000a5400000| PB 0x00000000a5400000| Untracked 
|  51|0x00000000a5500000, 0x00000000a5500000, 0x00000000a5600000|  0%| F|  |TAMS 0x00000000a5500000| PB 0x00000000a5500000| Untracked 
|  52|0x00000000a5600000, 0x00000000a5600000, 0x00000000a5700000|  0%| F|  |TAMS 0x00000000a5600000| PB 0x00000000a5600000| Untracked 
|  53|0x00000000a5700000, 0x00000000a5700000, 0x00000000a5800000|  0%| F|  |TAMS 0x00000000a5700000| PB 0x00000000a5700000| Untracked 
|  54|0x00000000a5800000, 0x00000000a5800000, 0x00000000a5900000|  0%| F|  |TAMS 0x00000000a5800000| PB 0x00000000a5800000| Untracked 
|  55|0x00000000a5900000, 0x00000000a5900000, 0x00000000a5a00000|  0%| F|  |TAMS 0x00000000a5900000| PB 0x00000000a5900000| Untracked 
|  56|0x00000000a5a00000, 0x00000000a5a00000, 0x00000000a5b00000|  0%| F|  |TAMS 0x00000000a5a00000| PB 0x00000000a5a00000| Untracked 
|  57|0x00000000a5b00000, 0x00000000a5b00000, 0x00000000a5c00000|  0%| F|  |TAMS 0x00000000a5b00000| PB 0x00000000a5b00000| Untracked 
|  58|0x00000000a5c00000, 0x00000000a5c00000, 0x00000000a5d00000|  0%| F|  |TAMS 0x00000000a5c00000| PB 0x00000000a5c00000| Untracked 
|  59|0x00000000a5d00000, 0x00000000a5d00000, 0x00000000a5e00000|  0%| F|  |TAMS 0x00000000a5d00000| PB 0x00000000a5d00000| Untracked 
|  60|0x00000000a5e00000, 0x00000000a5e00000, 0x00000000a5f00000|  0%| F|  |TAMS 0x00000000a5e00000| PB 0x00000000a5e00000| Untracked 
|  61|0x00000000a5f00000, 0x00000000a5f00000, 0x00000000a6000000|  0%| F|  |TAMS 0x00000000a5f00000| PB 0x00000000a5f00000| Untracked 
|  62|0x00000000a6000000, 0x00000000a6000000, 0x00000000a6100000|  0%| F|  |TAMS 0x00000000a6000000| PB 0x00000000a6000000| Untracked 
|  63|0x00000000a6100000, 0x00000000a6100000, 0x00000000a6200000|  0%| F|  |TAMS 0x00000000a6100000| PB 0x00000000a6100000| Untracked 
|  64|0x00000000a6200000, 0x00000000a6200000, 0x00000000a6300000|  0%| F|  |TAMS 0x00000000a6200000| PB 0x00000000a6200000| Untracked 
|  65|0x00000000a6300000, 0x00000000a6300000, 0x00000000a6400000|  0%| F|  |TAMS 0x00000000a6300000| PB 0x00000000a6300000| Untracked 
|  66|0x00000000a6400000, 0x00000000a6400000, 0x00000000a6500000|  0%| F|  |TAMS 0x00000000a6400000| PB 0x00000000a6400000| Untracked 
|  67|0x00000000a6500000, 0x00000000a6500000, 0x00000000a6600000|  0%| F|  |TAMS 0x00000000a6500000| PB 0x00000000a6500000| Untracked 
|  68|0x00000000a6600000, 0x00000000a6687530, 0x00000000a6700000| 52%| S|CS|TAMS 0x00000000a6600000| PB 0x00000000a6600000| Complete 
|  69|0x00000000a6700000, 0x00000000a6800000, 0x00000000a6800000|100%| S|CS|TAMS 0x00000000a6700000| PB 0x00000000a6700000| Complete 
|  70|0x00000000a6800000, 0x00000000a6900000, 0x00000000a6900000|100%| S|CS|TAMS 0x00000000a6800000| PB 0x00000000a6800000| Complete 
|  71|0x00000000a6900000, 0x00000000a6900000, 0x00000000a6a00000|  0%| F|  |TAMS 0x00000000a6900000| PB 0x00000000a6900000| Untracked 
|  72|0x00000000a6a00000, 0x00000000a6a00000, 0x00000000a6b00000|  0%| F|  |TAMS 0x00000000a6a00000| PB 0x00000000a6a00000| Untracked 
|  73|0x00000000a6b00000, 0x00000000a6b00000, 0x00000000a6c00000|  0%| F|  |TAMS 0x00000000a6b00000| PB 0x00000000a6b00000| Untracked 
|  74|0x00000000a6c00000, 0x00000000a6c00000, 0x00000000a6d00000|  0%| F|  |TAMS 0x00000000a6c00000| PB 0x00000000a6c00000| Untracked 
|  75|0x00000000a6d00000, 0x00000000a6d00000, 0x00000000a6e00000|  0%| F|  |TAMS 0x00000000a6d00000| PB 0x00000000a6d00000| Untracked 
|  76|0x00000000a6e00000, 0x00000000a6e00000, 0x00000000a6f00000|  0%| F|  |TAMS 0x00000000a6e00000| PB 0x00000000a6e00000| Untracked 
|  77|0x00000000a6f00000, 0x00000000a6f00000, 0x00000000a7000000|  0%| F|  |TAMS 0x00000000a6f00000| PB 0x00000000a6f00000| Untracked 
|  78|0x00000000a7000000, 0x00000000a7000000, 0x00000000a7100000|  0%| F|  |TAMS 0x00000000a7000000| PB 0x00000000a7000000| Untracked 
|  79|0x00000000a7100000, 0x00000000a7100000, 0x00000000a7200000|  0%| F|  |TAMS 0x00000000a7100000| PB 0x00000000a7100000| Untracked 
|  80|0x00000000a7200000, 0x00000000a7200000, 0x00000000a7300000|  0%| F|  |TAMS 0x00000000a7200000| PB 0x00000000a7200000| Untracked 
|  81|0x00000000a7300000, 0x00000000a7300000, 0x00000000a7400000|  0%| F|  |TAMS 0x00000000a7300000| PB 0x00000000a7300000| Untracked 
|  82|0x00000000a7400000, 0x00000000a7400000, 0x00000000a7500000|  0%| F|  |TAMS 0x00000000a7400000| PB 0x00000000a7400000| Untracked 
|  83|0x00000000a7500000, 0x00000000a7500000, 0x00000000a7600000|  0%| F|  |TAMS 0x00000000a7500000| PB 0x00000000a7500000| Untracked 
|  84|0x00000000a7600000, 0x00000000a7600000, 0x00000000a7700000|  0%| F|  |TAMS 0x00000000a7600000| PB 0x00000000a7600000| Untracked 
|  85|0x00000000a7700000, 0x00000000a7700000, 0x00000000a7800000|  0%| F|  |TAMS 0x00000000a7700000| PB 0x00000000a7700000| Untracked 
|  86|0x00000000a7800000, 0x00000000a7800000, 0x00000000a7900000|  0%| F|  |TAMS 0x00000000a7800000| PB 0x00000000a7800000| Untracked 
|  87|0x00000000a7900000, 0x00000000a7982e88, 0x00000000a7a00000| 51%| E|  |TAMS 0x00000000a7900000| PB 0x00000000a7900000| Complete 
|  88|0x00000000a7a00000, 0x00000000a7b00000, 0x00000000a7b00000|100%| E|CS|TAMS 0x00000000a7a00000| PB 0x00000000a7a00000| Complete 
|  89|0x00000000a7b00000, 0x00000000a7c00000, 0x00000000a7c00000|100%| E|CS|TAMS 0x00000000a7b00000| PB 0x00000000a7b00000| Complete 
|  90|0x00000000a7c00000, 0x00000000a7d00000, 0x00000000a7d00000|100%| E|CS|TAMS 0x00000000a7c00000| PB 0x00000000a7c00000| Complete 
|  91|0x00000000a7d00000, 0x00000000a7e00000, 0x00000000a7e00000|100%| E|CS|TAMS 0x00000000a7d00000| PB 0x00000000a7d00000| Complete 
|  92|0x00000000a7e00000, 0x00000000a7f00000, 0x00000000a7f00000|100%| E|CS|TAMS 0x00000000a7e00000| PB 0x00000000a7e00000| Complete 
|  93|0x00000000a7f00000, 0x00000000a8000000, 0x00000000a8000000|100%| E|CS|TAMS 0x00000000a7f00000| PB 0x00000000a7f00000| Complete 

Card table byte_map: [0x0000025ac9c70000,0x0000025ac9f60000] _byte_map_base: 0x0000025ac975f000

Marking Bits: (CMBitMap*) 0x0000025ab0498db0
 Bits: [0x0000025aca250000, 0x0000025acb9c8000)

Polling page: 0x0000025ab0500000

Metaspace:

Usage:
  Non-class:      4.51 MB used.
      Class:    552.18 KB used.
       Both:      5.05 MB used.

Virtual space:
  Non-class space:       64.00 MB reserved,       4.62 MB (  7%) committed,  1 nodes.
      Class space:        1.00 GB reserved,     640.00 KB ( <1%) committed,  1 nodes.
             Both:        1.06 GB reserved,       5.25 MB ( <1%) committed. 

Chunk freelists:
   Non-Class:  2.87 MB
       Class:  3.24 MB
        Both:  6.11 MB

MaxMetaspaceSize: unlimited
CompressedClassSpaceSize: 1.00 GB
Initial GC threshold: 21.00 MB
Current GC threshold: 21.00 MB
CDS: on
MetaspaceReclaimPolicy: balanced
 - commit_granule_bytes: 65536.
 - commit_granule_words: 8192.
 - virtual_space_node_default_size: 8388608.
 - enlarge_chunks_in_place: 1.
 - new_chunks_are_fully_committed: 0.
 - uncommit_free_chunks: 1.
 - use_allocation_guard: 0.


Internal statistics:

num_allocs_failed_limit: 0.
num_arena_births: 126.
num_arena_deaths: 0.
num_vsnodes_births: 2.
num_vsnodes_deaths: 0.
num_space_committed: 84.
num_space_uncommitted: 0.
num_chunks_returned_to_freelist: 0.
num_chunks_taken_from_freelist: 150.
num_chunk_merges: 0.
num_chunk_splits: 92.
num_chunks_enlarged: 40.
num_inconsistent_stats: 0.

CodeHeap 'non-profiled nmethods': size=120000Kb used=250Kb max_used=250Kb free=119749Kb
 bounds [0x0000025ac17b0000, 0x0000025ac1a20000, 0x0000025ac8ce0000]
CodeHeap 'profiled nmethods': size=120000Kb used=1289Kb max_used=1289Kb free=118710Kb
 bounds [0x0000025ab9ce0000, 0x0000025ab9f50000, 0x0000025ac1210000]
CodeHeap 'non-nmethods': size=5760Kb used=1514Kb max_used=1534Kb free=4245Kb
 bounds [0x0000025ac1210000, 0x0000025ac1480000, 0x0000025ac17b0000]
 total_blobs=1329 nmethods=790 adapters=450
 compilation: enabled
              stopped_count=0, restarted_count=0
 full_count=0

Compilation events (20 events):
Event: 1.030 Thread 0x0000025ace688720  769       3       java.nio.DirectIntBufferU::ix (10 bytes)
Event: 1.031 Thread 0x0000025ace688720 nmethod 769 0x0000025ab9e17810 code [0x0000025ab9e179a0, 0x0000025ab9e17ac0]
Event: 1.031 Thread 0x0000025ace688720  770       3       java.util.concurrent.ConcurrentHashMap$ValueIterator::next (34 bytes)
Event: 1.031 Thread 0x0000025ace688720 nmethod 770 0x0000025ab9e17b90 code [0x0000025ab9e17d40, 0x0000025ab9e17fa0]
Event: 1.035 Thread 0x0000025ace684360 nmethod 755 0x0000025ac17ede10 code [0x0000025ac17edfa0, 0x0000025ac17ee328]
Event: 1.035 Thread 0x0000025ace684360  767 % !   4       sun.awt.image.ImageRepresentation::getOpaqueRGBImage @ 54 (164 bytes)
Event: 1.046 Thread 0x0000025ace688720  771       3       java.util.Optional::empty (6 bytes)
Event: 1.046 Thread 0x0000025ace688720 nmethod 771 0x0000025ab9e18090 code [0x0000025ab9e18220, 0x0000025ab9e18318]
Event: 1.046 Thread 0x0000025ace688720  772       3       jdk.internal.module.SystemModuleFinders$SystemImage::reader (4 bytes)
Event: 1.046 Thread 0x0000025ace688720 nmethod 772 0x0000025ab9e18390 code [0x0000025ab9e18520, 0x0000025ab9e18618]
Event: 1.046 Thread 0x0000025ace688720  773       3       jdk.internal.jimage.ImageReader::requireOpen (18 bytes)
Event: 1.046 Thread 0x0000025ace688720 nmethod 773 0x0000025ab9e18690 code [0x0000025ab9e18820, 0x0000025ab9e18a30]
Event: 1.047 Thread 0x0000025ace688720  774       3       java.util.Arrays::copyOf (10 bytes)
Event: 1.047 Thread 0x0000025ace688720 nmethod 774 0x0000025ab9e18b10 code [0x0000025ab9e18ca0, 0x0000025ab9e18de0]
Event: 1.163 Thread 0x0000025ace688720  778       3       java.util.concurrent.locks.ReentrantLock$NonfairSync::initialTryLock (58 bytes)
Event: 1.163 Thread 0x0000025ace688720 nmethod 778 0x0000025ab9e18e90 code [0x0000025ab9e19060, 0x0000025ab9e19450]
Event: 1.163 Thread 0x0000025ace688720  777       3       java.lang.ref.Reference::enqueueFromPending (19 bytes)
Event: 1.163 Thread 0x0000025ace688720 nmethod 777 0x0000025ab9e19510 code [0x0000025ab9e196a0, 0x0000025ab9e198c0]
Event: 1.163 Thread 0x0000025ace688720  779       3       java.lang.ref.ReferenceQueue::enqueue0 (98 bytes)
Event: 1.164 Thread 0x0000025ace688720 nmethod 779 0x0000025ab9e19990 code [0x0000025ab9e19b60, 0x0000025ab9e1a1a8]

GC Heap History (2 events):
Event: 1.153 GC heap before
{Heap before GC invocations=0 (full 0):
 garbage-first heap   total 96256K, used 66560K [0x00000000a2200000, 0x0000000100000000)
  region size 1024K, 23 young (23552K), 0 survivors (0K)
 Metaspace       used 4871K, committed 5056K, reserved 1114112K
  class space    used 501K, committed 640K, reserved 1048576K
}
Event: 1.162 GC heap after
{Heap after GC invocations=1 (full 0):
 garbage-first heap   total 96256K, used 46621K [0x00000000a2200000, 0x0000000100000000)
  region size 1024K, 3 young (3072K), 3 survivors (3072K)
 Metaspace       used 4871K, committed 5056K, reserved 1114112K
  class space    used 501K, committed 640K, reserved 1048576K
}

Dll operation events (7 events):
Event: 0.020 Loaded shared library C:\Program Files\Java\jdk-20\bin\java.dll
Event: 0.049 Loaded shared library C:\Program Files\Java\jdk-20\bin\jsvml.dll
Event: 0.132 Loaded shared library C:\Program Files\Java\jdk-20\bin\net.dll
Event: 0.137 Loaded shared library C:\Program Files\Java\jdk-20\bin\nio.dll
Event: 0.184 Loaded shared library C:\Program Files\Java\jdk-20\bin\jimage.dll
Event: 0.211 Loaded shared library C:\Program Files\Java\jdk-20\bin\awt.dll
Event: 0.621 Loaded shared library C:\Program Files\Java\jdk-20\bin\zip.dll

Deoptimization events (20 events):
Event: 1.009 Thread 0x0000025b142c0260 DEOPT PACKING pc=0x0000025ab9df7813 sp=0x000000a1754fe8e0
Event: 1.009 Thread 0x0000025b142c0260 DEOPT UNPACKING pc=0x0000025ac127a4c2 sp=0x000000a1754fdd60 mode 0
Event: 1.010 Thread 0x0000025b142c0260 DEOPT PACKING pc=0x0000025ab9df7813 sp=0x000000a1754fe8e0
Event: 1.010 Thread 0x0000025b142c0260 DEOPT UNPACKING pc=0x0000025ac127a4c2 sp=0x000000a1754fdd60 mode 0
Event: 1.011 Thread 0x0000025b142c0260 DEOPT PACKING pc=0x0000025ab9df7813 sp=0x000000a1754fe8e0
Event: 1.011 Thread 0x0000025b142c0260 DEOPT UNPACKING pc=0x0000025ac127a4c2 sp=0x000000a1754fdd60 mode 0
Event: 1.012 Thread 0x0000025b142c0260 DEOPT PACKING pc=0x0000025ab9df7813 sp=0x000000a1754fe8e0
Event: 1.012 Thread 0x0000025b142c0260 DEOPT UNPACKING pc=0x0000025ac127a4c2 sp=0x000000a1754fdd60 mode 0
Event: 1.013 Thread 0x0000025b142c0260 DEOPT PACKING pc=0x0000025ab9df7813 sp=0x000000a1754fe8e0
Event: 1.013 Thread 0x0000025b142c0260 DEOPT UNPACKING pc=0x0000025ac127a4c2 sp=0x000000a1754fdd60 mode 0
Event: 1.030 Thread 0x0000025b13b6fb50 Uncommon trap: trap_request=0xffffff45 fr.pc=0x0000025ac17d8cec relative=0x00000000000004ac
Event: 1.030 Thread 0x0000025b13b6fb50 Uncommon trap: reason=unstable_if action=reinterpret pc=0x0000025ac17d8cec method=java.lang.StringLatin1.replace([BCC)Ljava/lang/String; @ 19 c2
Event: 1.030 Thread 0x0000025b13b6fb50 DEOPT PACKING pc=0x0000025ac17d8cec sp=0x000000a1751fe8a0
Event: 1.030 Thread 0x0000025b13b6fb50 DEOPT UNPACKING pc=0x0000025ac1279d22 sp=0x000000a1751fe820 mode 2
Event: 1.033 Thread 0x0000025b142c0260 DEOPT PACKING pc=0x0000025ab9df7813 sp=0x000000a1754fec80
Event: 1.033 Thread 0x0000025b142c0260 DEOPT UNPACKING pc=0x0000025ac127a4c2 sp=0x000000a1754fe100 mode 0
Event: 1.162 Thread 0x0000025ace66e620 Uncommon trap: trap_request=0xffffff45 fr.pc=0x0000025ac17db044 relative=0x0000000000000144
Event: 1.162 Thread 0x0000025ace66e620 Uncommon trap: reason=unstable_if action=reinterpret pc=0x0000025ac17db044 method=java.util.concurrent.locks.ReentrantLock$NonfairSync.initialTryLock()Z @ 10 c2
Event: 1.162 Thread 0x0000025ace66e620 DEOPT PACKING pc=0x0000025ac17db044 sp=0x000000a1743ff0b0
Event: 1.163 Thread 0x0000025ace66e620 DEOPT UNPACKING pc=0x0000025ac1279d22 sp=0x000000a1743ff058 mode 2

Classes loaded (20 events):
Event: 0.692 Loading class sun/awt/image/SunWritableRaster
Event: 0.692 Loading class java/awt/image/WritableRaster
Event: 0.692 Loading class java/awt/image/WritableRaster done
Event: 0.692 Loading class sun/awt/image/SunWritableRaster done
Event: 0.697 Loading class java/awt/image/SinglePixelPackedSampleModel
Event: 0.698 Loading class java/awt/image/SampleModel
Event: 0.698 Loading class java/awt/image/SampleModel done
Event: 0.698 Loading class java/awt/image/SinglePixelPackedSampleModel done
Event: 0.698 Loading class sun/awt/image/IntegerInterleavedRaster
Event: 0.698 Loading class sun/awt/image/IntegerComponentRaster
Event: 0.699 Loading class sun/awt/image/IntegerComponentRaster done
Event: 0.699 Loading class sun/awt/image/IntegerInterleavedRaster done
Event: 0.700 Loading class java/awt/image/BufferedImage
Event: 0.700 Loading class java/awt/image/WritableRenderedImage
Event: 0.700 Loading class java/awt/image/RenderedImage
Event: 0.700 Loading class java/awt/image/RenderedImage done
Event: 0.700 Loading class java/awt/image/WritableRenderedImage done
Event: 0.700 Loading class java/awt/image/BufferedImage done
Event: 0.701 Loading class java/awt/image/BufferedImage$1
Event: 0.701 Loading class java/awt/image/BufferedImage$1 done

Classes unloaded (0 events):
No events

Classes redefined (0 events):
No events

Internal exceptions (12 events):
Event: 0.139 Thread 0x0000025ab04492c0 Exception <a 'sun/nio/fs/WindowsException'{0x00000000a7e440b8}> (0x00000000a7e440b8) 
thrown [s\open\src\hotspot\share\prims\jni.cpp, line 519]
Event: 0.143 Thread 0x0000025ab04492c0 Exception <a 'sun/nio/fs/WindowsException'{0x00000000a7e47610}> (0x00000000a7e47610) 
thrown [s\open\src\hotspot\share\prims\jni.cpp, line 519]
Event: 0.193 Thread 0x0000025ab04492c0 Exception <a 'java/lang/ClassNotFoundException'{0x00000000a7d6eaf8}: sun/awt/resources/spi/awtProvider> (0x00000000a7d6eaf8) 
thrown [s\open\src\hotspot\share\classfile\systemDictionary.cpp, line 305]
Event: 0.232 Thread 0x0000025ab04492c0 Exception <a 'java/io/FileNotFoundException'{0x00000000a7dc6120}> (0x00000000a7dc6120) 
thrown [s\open\src\hotspot\share\prims\jni.cpp, line 519]
Event: 0.245 Thread 0x0000025ab04492c0 Exception <a 'java/io/FileNotFoundException'{0x00000000a7df03b8}> (0x00000000a7df03b8) 
thrown [s\open\src\hotspot\share\prims\jni.cpp, line 519]
Event: 0.497 Thread 0x0000025b13b6fb50 Exception <a 'java/lang/NoSuchMethodError'{0x00000000a7b4cb58}: 'void java.lang.invoke.DirectMethodHandle$Holder.invokeSpecial(java.lang.Object, java.lang.Object, java.lang.Object)'> (0x00000000a7b4cb58) 
thrown [s\open\src\hotspot\share\interpreter\linkResolver.cpp, line 773]
Event: 0.511 Thread 0x0000025b13b6fb50 Exception <a 'java/lang/NoSuchMethodError'{0x00000000a7b77570}: 'java.lang.Object java.lang.invoke.DirectMethodHandle$Holder.newInvokeSpecial(java.lang.Object, java.lang.Object, java.lang.Object, java.lang.Object, java.lang.Object)'> (0x00000000a7b77570) 
thrown [s\open\src\hotspot\share\interpreter\linkResolver.cpp, line 773]
Event: 0.522 Thread 0x0000025b13b6fb50 Exception <a 'java/lang/NoSuchMethodError'{0x00000000a7ba7e18}: 'java.lang.Object java.lang.invoke.DirectMethodHandle$Holder.invokeStatic(java.lang.Object, int, java.lang.Object)'> (0x00000000a7ba7e18) 
thrown [s\open\src\hotspot\share\interpreter\linkResolver.cpp, line 773]
Event: 0.563 Thread 0x0000025b13b6fb50 Exception <a 'java/lang/ClassNotFoundException'{0x00000000a7a63948}: com/sun/swing/internal/plaf/metal/resources/spi/metalProvider> (0x00000000a7a63948) 
thrown [s\open\src\hotspot\share\classfile\systemDictionary.cpp, line 305]
Event: 0.564 Thread 0x0000025b13b6fb50 Exception <a 'java/lang/ClassNotFoundException'{0x00000000a7a67858}: com/sun/swing/internal/plaf/basic/resources/spi/basicProvider> (0x00000000a7a67858) 
thrown [s\open\src\hotspot\share\classfile\systemDictionary.cpp, line 305]
Event: 0.578 Thread 0x0000025b13b6fb50 Exception <a 'java/lang/NoSuchMethodError'{0x00000000a7a86bd8}: 'int java.lang.invoke.Invokers$Holder.invokeExact_MT(java.lang.Object, java.lang.Object)'> (0x00000000a7a86bd8) 
thrown [s\open\src\hotspot\share\interpreter\linkResolver.cpp, line 773]
Event: 0.688 Thread 0x0000025b142c0260 Exception <a 'java/lang/NoSuchMethodError'{0x00000000a78923a8}: 'java.lang.Object java.lang.invoke.DirectMethodHandle$Holder.newInvokeSpecial(java.lang.Object, java.lang.Object, java.lang.Object, int, int, int, int, int)'> (0x00000000a78923a8) 
thrown [s\open\src\hotspot\share\interpreter\linkResolver.cpp, line 773]

VM Operations (8 events):
Event: 0.145 Executing VM operation: HandshakeAllThreads
Event: 0.145 Executing VM operation: HandshakeAllThreads done
Event: 0.180 Executing VM operation: HandshakeAllThreads
Event: 0.180 Executing VM operation: HandshakeAllThreads done
Event: 0.666 Executing VM operation: HandshakeAllThreads
Event: 0.666 Executing VM operation: HandshakeAllThreads done
Event: 1.153 Executing VM operation: G1CollectForAllocation
Event: 1.162 Executing VM operation: G1CollectForAllocation done

Events (18 events):
Event: 0.050 Thread 0x0000025ab04492c0 Thread added: 0x0000025ab04492c0
Event: 0.072 Thread 0x0000025ace66e620 Thread added: 0x0000025ace66e620
Event: 0.073 Thread 0x0000025ace671790 Thread added: 0x0000025ace671790
Event: 0.073 Thread 0x0000025ace673080 Thread added: 0x0000025ace673080
Event: 0.073 Thread 0x0000025ace673bc0 Thread added: 0x0000025ace673bc0
Event: 0.073 Thread 0x0000025ace676510 Thread added: 0x0000025ace676510
Event: 0.074 Thread 0x0000025ace679470 Thread added: 0x0000025ace679470
Event: 0.074 Thread 0x0000025ace684360 Thread added: 0x0000025ace684360
Event: 0.074 Thread 0x0000025ace688720 Thread added: 0x0000025ace688720
Event: 0.109 Thread 0x0000025b13898260 Thread added: 0x0000025b13898260
Event: 0.164 Thread 0x0000025b13944dd0 Thread added: 0x0000025b13944dd0
Event: 0.295 Thread 0x0000025b139e8090 Thread added: 0x0000025b139e8090
Event: 0.297 Thread 0x0000025b13b68020 Thread added: 0x0000025b13b68020
Event: 0.299 Thread 0x0000025b13b68bd0 Thread added: 0x0000025b13b68bd0
Event: 0.328 Thread 0x0000025b13b6fb50 Thread added: 0x0000025b13b6fb50
Event: 0.328 Thread 0x0000025ab04492c0 Thread exited: 0x0000025ab04492c0
Event: 0.328 Thread 0x0000025ab04492c0 Thread added: 0x0000025ab04492c0
Event: 0.591 Thread 0x0000025b142c0260 Thread added: 0x0000025b142c0260


Dynamic libraries:
0x00007ff67fcc0000 - 0x00007ff67fcd0000 	C:\Program Files\Java\jdk-20\bin\java.exe
0x00007ff8c82d0000 - 0x00007ff8c84e7000 	C:\WINDOWS\SYSTEM32\ntdll.dll
0x00007ff8c76c0000 - 0x00007ff8c7784000 	C:\WINDOWS\System32\KERNEL32.DLL
0x00007ff8c5960000 - 0x00007ff8c5d06000 	C:\WINDOWS\System32\KERNELBASE.dll
0x00007ff8c1d20000 - 0x00007ff8c1db7000 	C:\WINDOWS\SYSTEM32\apphelp.dll
0x00007ff8c5d10000 - 0x00007ff8c5e21000 	C:\WINDOWS\System32\ucrtbase.dll
0x00007ff8a7430000 - 0x00007ff8a744b000 	C:\Program Files\Java\jdk-20\bin\VCRUNTIME140.dll
0x00007ff8be260000 - 0x00007ff8be279000 	C:\Program Files\Java\jdk-20\bin\jli.dll
0x00007ff8c6a00000 - 0x00007ff8c6ab0000 	C:\WINDOWS\System32\ADVAPI32.dll
0x00007ff8c6ac0000 - 0x00007ff8c6b67000 	C:\WINDOWS\System32\msvcrt.dll
0x00007ff8c6510000 - 0x00007ff8c65b6000 	C:\WINDOWS\System32\sechost.dll
0x00007ff8c7c90000 - 0x00007ff8c7da7000 	C:\WINDOWS\System32\RPCRT4.dll
0x00007ff8c6350000 - 0x00007ff8c64fd000 	C:\WINDOWS\System32\USER32.dll
0x00007ff8c5e30000 - 0x00007ff8c5e56000 	C:\WINDOWS\System32\win32u.dll
0x00007ff8c4910000 - 0x00007ff8c4ba3000 	C:\WINDOWS\WinSxS\amd64_microsoft.windows.common-controls_6595b64144ccf1df_6.0.22621.2361_none_2712ced57382f843\COMCTL32.dll
0x00007ff8c6980000 - 0x00007ff8c69a9000 	C:\WINDOWS\System32\GDI32.dll
0x00007ff8c56d0000 - 0x00007ff8c57e8000 	C:\WINDOWS\System32\gdi32full.dll
0x00007ff8c5f90000 - 0x00007ff8c602a000 	C:\WINDOWS\System32\msvcp_win.dll
0x00007ff8bfe10000 - 0x00007ff8bfe1a000 	C:\WINDOWS\SYSTEM32\VERSION.dll
0x00007ff8c69c0000 - 0x00007ff8c69f1000 	C:\WINDOWS\System32\IMM32.DLL
0x00007ff8c4e30000 - 0x00007ff8c4e3c000 	C:\Program Files\Java\jdk-20\bin\vcruntime140_1.dll
0x00007ff8906b0000 - 0x00007ff89073e000 	C:\Program Files\Java\jdk-20\bin\msvcp140.dll
0x00007ff833240000 - 0x00007ff833ed8000 	C:\Program Files\Java\jdk-20\bin\server\jvm.dll
0x00007ff876e20000 - 0x00007ff876e29000 	C:\WINDOWS\SYSTEM32\WSOCK32.dll
0x00007ff8c6110000 - 0x00007ff8c6181000 	C:\WINDOWS\System32\WS2_32.dll
0x00007ff8bd2d0000 - 0x00007ff8bd304000 	C:\WINDOWS\SYSTEM32\WINMM.dll
0x00007ff8c3730000 - 0x00007ff8c3748000 	C:\WINDOWS\SYSTEM32\kernel.appcore.dll
0x00007ff8bfca0000 - 0x00007ff8bfcaa000 	C:\Program Files\Java\jdk-20\bin\jimage.dll
0x00007ff8c4f60000 - 0x00007ff8c518e000 	C:\WINDOWS\SYSTEM32\DBGHELP.DLL
0x00007ff8c7790000 - 0x00007ff8c7b1a000 	C:\WINDOWS\System32\combase.dll
0x00007ff8c6030000 - 0x00007ff8c6107000 	C:\WINDOWS\System32\OLEAUT32.dll
0x00007ff8c4df0000 - 0x00007ff8c4e22000 	C:\WINDOWS\SYSTEM32\dbgcore.DLL
0x00007ff8c5650000 - 0x00007ff8c56ca000 	C:\WINDOWS\System32\bcryptPrimitives.dll
0x00007ff894ac0000 - 0x00007ff894ae6000 	C:\Program Files\Java\jdk-20\bin\java.dll
0x00007ff889b00000 - 0x00007ff889bd7000 	C:\Program Files\Java\jdk-20\bin\jsvml.dll
0x00007ff8c6de0000 - 0x00007ff8c7638000 	C:\WINDOWS\System32\SHELL32.dll
0x00007ff8c26b0000 - 0x00007ff8c2fa2000 	C:\WINDOWS\SYSTEM32\windows.storage.dll
0x00007ff8c2570000 - 0x00007ff8c26ae000 	C:\WINDOWS\SYSTEM32\wintypes.dll
0x00007ff8c6870000 - 0x00007ff8c6963000 	C:\WINDOWS\System32\SHCORE.dll
0x00007ff8c6810000 - 0x00007ff8c686e000 	C:\WINDOWS\System32\shlwapi.dll
0x00007ff8c5580000 - 0x00007ff8c55a6000 	C:\WINDOWS\SYSTEM32\profapi.dll
0x00007ff8a7180000 - 0x00007ff8a7193000 	C:\Program Files\Java\jdk-20\bin\net.dll
0x00007ff8bcc70000 - 0x00007ff8bcda7000 	C:\WINDOWS\SYSTEM32\WINHTTP.dll
0x00007ff8c3d00000 - 0x00007ff8c3d69000 	C:\WINDOWS\system32\mswsock.dll
0x00007ff8a7080000 - 0x00007ff8a7096000 	C:\Program Files\Java\jdk-20\bin\nio.dll
0x00007ff888180000 - 0x00007ff888311000 	C:\Program Files\Java\jdk-20\bin\awt.dll
0x00007ff8c1de0000 - 0x00007ff8c1e8b000 	C:\WINDOWS\system32\uxtheme.dll
0x00007ff8c65c0000 - 0x00007ff8c670c000 	C:\WINDOWS\System32\MSCTF.dll
0x00007ff8c6190000 - 0x00007ff8c632f000 	C:\WINDOWS\System32\ole32.dll
0x00007ff8c2010000 - 0x00007ff8c203b000 	C:\WINDOWS\system32\DWMAPI.DLL
0x00007ff86f5b0000 - 0x00007ff86f6b0000 	C:\WINDOWS\system32\opengl32.dll
0x00007ff86f090000 - 0x00007ff86f0bd000 	C:\WINDOWS\SYSTEM32\GLU32.dll
0x00007ff8c1ec0000 - 0x00007ff8c1ef6000 	C:\WINDOWS\SYSTEM32\dxcore.dll
0x00007ff871200000 - 0x00007ff8713a9000 	C:\WINDOWS\system32\d3d9.dll
0x00007ff8bc050000 - 0x00007ff8bc20b000 	C:\WINDOWS\System32\DriverStore\FileRepository\u0390835.inf_amd64_66888840aa4163cc\B390488\aticfx64.dll
0x00007ff8a5330000 - 0x00007ff8a5364000 	C:\WINDOWS\System32\DriverStore\FileRepository\u0390835.inf_amd64_66888840aa4163cc\B390488\atiu9p64.dll
0x00007ff8317b0000 - 0x00007ff832505000 	C:\WINDOWS\System32\DriverStore\FileRepository\u0390835.inf_amd64_66888840aa4163cc\B390488\atiumd64.dll
0x00000000766e0000 - 0x0000000077608000 	C:\WINDOWS\System32\DriverStore\FileRepository\u0390835.inf_amd64_66888840aa4163cc\B390488\atiumd6a.dll
0x00007ff8c7e10000 - 0x00007ff8c8284000 	C:\WINDOWS\System32\SETUPAPI.dll
0x00007ff8c5370000 - 0x00007ff8c53bd000 	C:\WINDOWS\SYSTEM32\POWRPROF.dll
0x00007ff8c4ee0000 - 0x00007ff8c4f08000 	C:\WINDOWS\SYSTEM32\bcrypt.dll
0x00007ff8c5350000 - 0x00007ff8c5363000 	C:\WINDOWS\SYSTEM32\UMPDC.dll
0x00007ff8b9360000 - 0x00007ff8b9395000 	C:\WINDOWS\SYSTEM32\amdihk64.dll
0x00007ff8bfb30000 - 0x00007ff8bfb7a000 	C:\WINDOWS\SYSTEM32\directxdatabasehelper.dll
0x00007ff8a6cb0000 - 0x00007ff8a6cc8000 	C:\Program Files\Java\jdk-20\bin\zip.dll

dbghelp: loaded successfully - version: 4.0.5 - missing functions: none
symbol engine: initialized successfully - sym options: 0x614 - pdb path: .;C:\Program Files\Java\jdk-20\bin;C:\WINDOWS\SYSTEM32;C:\WINDOWS\WinSxS\amd64_microsoft.windows.common-controls_6595b64144ccf1df_6.0.22621.2361_none_2712ced57382f843;C:\Program Files\Java\jdk-20\bin\server;C:\WINDOWS\System32\DriverStore\FileRepository\u0390835.inf_amd64_66888840aa4163cc\B390488

VM Arguments:
jvm_args: -Dfile.encoding=UTF-8 --module-path=D:\OOP\FishGame\build\classes 
java_command: fishgame.Startpage
java_class_path (initial): D:\OOP\FishGame\build\classes
Launcher Type: SUN_STANDARD

[Global flags]
     intx CICompilerCount                          = 4                                         {product} {ergonomic}
     uint ConcGCThreads                            = 3                                         {product} {ergonomic}
     uint G1ConcRefinementThreads                  = 10                                        {product} {ergonomic}
   size_t G1HeapRegionSize                         = 1048576                                   {product} {ergonomic}
    uintx GCDrainStackTargetSize                   = 64                                        {product} {ergonomic}
   size_t InitialHeapSize                          = 98566144                                  {product} {ergonomic}
   size_t MarkStackSize                            = 4194304                                   {product} {ergonomic}
   size_t MaxHeapSize                              = 1574961152                                {product} {ergonomic}
   size_t MaxNewSize                               = 944766976                                 {product} {ergonomic}
   size_t MinHeapDeltaBytes                        = 1048576                                   {product} {ergonomic}
   size_t MinHeapSize                              = 8388608                                   {product} {ergonomic}
    uintx NonNMethodCodeHeapSize                   = 5839372                                {pd product} {ergonomic}
    uintx NonProfiledCodeHeapSize                  = 122909434                              {pd product} {ergonomic}
    uintx ProfiledCodeHeapSize                     = 122909434                              {pd product} {ergonomic}
    uintx ReservedCodeCacheSize                    = 251658240                              {pd product} {ergonomic}
     bool SegmentedCodeCache                       = true                                      {product} {ergonomic}
   size_t SoftMaxHeapSize                          = 1574961152                             {manageable} {ergonomic}
     bool UseCompressedClassPointers               = true                           {product lp64_product} {ergonomic}
     bool UseCompressedOops                        = true                           {product lp64_product} {ergonomic}
     bool UseG1GC                                  = true                                      {product} {ergonomic}
     bool UseLargePagesIndividualAllocation        = false                                  {pd product} {ergonomic}

Logging:
Log output configuration:
 #0: stdout all=warning uptime,level,tags foldmultilines=false
 #1: stderr all=off uptime,level,tags foldmultilines=false

Environment Variables:
PATH=C:\Program Files\Common Files\Oracle\Java\javapath;C:\Program Files (x86)\Common Files\Oracle\Java\javapath;C:\Python311\Scripts\;C:\Python311\;C:\WINDOWS\system32;C:\WINDOWS;C:\WINDOWS\System32\Wbem;C:\WINDOWS\System32\WindowsPowerShell\v1.0\;C:\WINDOWS\System32\OpenSSH\;C:\Program Files\PuTTY\;C:\msys64\mingw64\bin;C:\Program Files\dotnet\;C:\Program Files\nodejs\;C:\ProgramData\chocolatey\bin;C:\Users\Administrator\AppData\Local\Microsoft\WindowsApps;;C:\Users\Administrator\AppData\Local\Programs\Microsoft VS Code\bin;C:\Program Files (x86)\SSH Communications Security\SSH Secure Shell;C:\Users\Administrator\AppData\Roaming\npm
USERNAME=Administrator
OS=Windows_NT
PROCESSOR_IDENTIFIER=AMD64 Family 23 Model 104 Stepping 1, AuthenticAMD
TMP=C:\Users\ADMINI~1\AppData\Local\Temp
TEMP=C:\Users\ADMINI~1\AppData\Local\Temp




---------------  S Y S T E M  ---------------

OS:
 Windows 11 , 64 bit Build 22621 (10.0.22621.2428)
OS uptime: 2 days 8:15 hours

CPU: total 12 (initial active 12) (12 cores per cpu, 2 threads per core) family 23 model 104 stepping 1 microcode 0x0, cx8, cmov, fxsr, ht, mmx, 3dnowpref, sse, sse2, sse3, ssse3, sse4a, sse4.1, sse4.2, popcnt, lzcnt, tsc, tscinvbit, avx, avx2, aes, clmul, bmi1, bmi2, adx, sha, fma, vzeroupper, clflush, clflushopt, rdtscp, rdpid, f16c

Memory: 4k page, system-wide physical 6005M (321M free)
TotalPageFile size 23570M (AvailPageFile size 2M)
current process WorkingSet (physical memory assigned to process): 126M, peak: 126M
current process commit charge ("private bytes"): 204M, peak: 205M

vm_info: Java HotSpot(TM) 64-Bit Server VM (20.0.2+9-78) for windows-amd64 JRE (20.0.2+9-78), built on 2023-06-14T10:08:48Z by "mach5one" with MS VC++ 17.1 (VS2022)

END.
